modules/expo-mlkit-translate/android/build/intermediates/manifest_merge_blame_file/debug/processDebugManifest/manifest-merger-blame-debug-report.txt
1<?xml version="1.0" encoding="utf-8"?>
2<manifest xmlns:android="http://schemas.android.com/apk/res/android"
3    package="expo.modules.mlkittranslate" >
4
5    <uses-sdk android:minSdkVersion="24" />
6    <!-- Models are fetched on demand from Google's servers. -->
7    <uses-permission android:name="android.permission.INTERNET" />
7-->src/main/AndroidManifest.xml:3:3-65
7-->src/main/AndroidManifest.xml:3:20-62
8
9</manifest>